<?xml version="1.0" encoding="UTF-8"?>
<!-- Generated by org.testng.reporters.JUnitReportReporter -->
<testsuite hostname="DESKTOP-6HJ2LCU" failures="0" tests="8" name="testPackage.TestClass" time="134.610" errors="0" timestamp="2024-06-22T00:04:56 IST" skipped="0">
  <testcase classname="testPackage.TestClass" name="loginValidation" time="27.242"/>
  <testcase classname="testPackage.TestClass" name="signUpValidation" time="3.477"/>
  <testcase classname="testPackage.TestClass" name="homeValidation" time="8.252"/>
  <testcase classname="testPackage.TestClass" name="mergeTwoPdf" time="17.181"/>
  <testcase classname="testPackage.TestClass" name="pdfToWordCheck" time="15.079"/>
  <testcase classname="testPackage.TestClass" name="imageToPdfCheck" time="17.017"/>
  <testcase classname="testPackage.TestClass" name="imageResizeCheck" time="15.699"/>
  <testcase classname="testPackage.TestClass" name="homePageResponse" time="30.663"/>
</testsuite> <!-- testPackage.TestClass -->
